<?xml version="1.0" encoding="utf-8"?><testsuites name="pytest tests"><testsuite name="pytest" errors="0" failures="0" skipped="0" tests="16" time="3.920" timestamp="2026-03-15T01:55:59.893618+00:00" hostname="agent-env-09a0639e-5a57-4e4c-afdd-a7e03d8cb0c5"><testcase classname="tests.test_linkup_backend.TestHealthAndBasicEndpoints" name="test_api_is_reachable" time="0.166" /><testcase classname="tests.test_linkup_backend.TestHealthAndBasicEndpoints" name="test_community_endpoint" time="0.132" /><testcase classname="tests.test_linkup_backend.TestHealthAndBasicEndpoints" name="test_university_events_endpoint" time="0.146" /><testcase classname="tests.test_linkup_backend.TestAuthFlow" name="test_register_user" time="0.427" /><testcase classname="tests.test_linkup_backend.TestAuthFlow" name="test_login_with_valid_credentials" time="0.342" /><testcase classname="tests.test_linkup_backend.TestAuthFlow" name="test_login_with_invalid_credentials" time="0.162" /><testcase classname="tests.test_linkup_backend.TestAuthenticatedEndpoints" name="test_get_user_profile" time="0.495" /><testcase classname="tests.test_linkup_backend.TestAuthenticatedEndpoints" name="test_get_progress" time="0.126" /><testcase classname="tests.test_linkup_backend.TestAuthenticatedEndpoints" name="test_get_recommended_mission" time="0.124" /><testcase classname="tests.test_linkup_backend.TestAuthenticatedEndpoints" name="test_get_missions_list" time="0.108" /><testcase classname="tests.test_linkup_backend.TestAuthenticatedEndpoints" name="test_get_evidence_list" time="0.179" /><testcase classname="tests.test_linkup_backend.TestAuthenticatedEndpoints" name="test_get_personal_events" time="0.122" /><testcase classname="tests.test_linkup_backend.TestAuthenticatedEndpoints" name="test_get_user_analises" time="0.168" /><testcase classname="tests.test_linkup_backend.TestPersonalEventCRUD" name="test_create_personal_event" time="0.465" /><testcase classname="tests.test_linkup_backend.TestPersonalEventCRUD" name="test_list_personal_events_after_create" time="0.113" /><testcase classname="tests.test_linkup_backend.TestOnboarding" name="test_onboarding_submission" time="0.454" /></testsuite></testsuites>